  Connection.cpp
d:\projects\triangularcontrolrepository\triangularcontrol\triangularcontrol\connection.cpp(49): warning C4244: 'argument': conversion from 'double' to 'T', possible loss of data
          with
          [
              T=float
          ]
d:\projects\triangularcontrolrepository\triangularcontrol\triangularcontrol\connection.cpp(56): warning C4244: 'argument': conversion from 'double' to 'T', possible loss of data
          with
          [
              T=float
          ]
  Family.cpp
  Game2Player.cpp
d:\projects\triangularcontrolrepository\triangularcontrol\triangularcontrol\game2player.cpp(20): warning C4244: 'argument': conversion from 'const float' to 'const int', possible loss of data
d:\projects\triangularcontrolrepository\triangularcontrol\triangularcontrol\game2player.cpp(309): warning C4101: 'c1': unreferenced local variable
d:\projects\triangularcontrolrepository\triangularcontrol\triangularcontrol\game2player.cpp(309): warning C4101: 'r2': unreferenced local variable
d:\projects\triangularcontrolrepository\triangularcontrol\triangularcontrol\game2player.cpp(309): warning C4101: 'r1': unreferenced local variable
d:\projects\triangularcontrolrepository\triangularcontrol\triangularcontrol\game2player.cpp(309): warning C4101: 'c2': unreferenced local variable
  main.cpp
  Point.cpp
d:\projects\triangularcontrolrepository\triangularcontrol\triangularcontrol\point.cpp(73): warning C4244: 'initializing': conversion from 'float' to 'int', possible loss of data
d:\projects\triangularcontrolrepository\triangularcontrol\triangularcontrol\point.cpp(76): warning C4244: 'argument': conversion from 'int' to 'T', possible loss of data
          with
          [
              T=float
          ]
d:\projects\triangularcontrolrepository\triangularcontrol\triangularcontrol\point.cpp(75): warning C4244: 'argument': conversion from 'int' to 'T', possible loss of data
          with
          [
              T=float
          ]
d:\projects\triangularcontrolrepository\triangularcontrol\triangularcontrol\point.cpp(111): warning C4244: 'initializing': conversion from 'float' to 'int', possible loss of data
d:\projects\triangularcontrolrepository\triangularcontrol\triangularcontrol\point.cpp(111): warning C4244: 'initializing': conversion from 'float' to 'const int', possible loss of data
d:\projects\triangularcontrolrepository\triangularcontrol\triangularcontrol\point.cpp(128): warning C4244: 'return': conversion from 'double' to 'int', possible loss of data
  Generating Code...
  TriangularControl.vcxproj -> D:\Projects\TriangularControlRepository\TriangularControl\x64\Debug\TriangularControl.exe
